<?xml version="1.0" encoding="UTF-8"?>
<!-- Generated by org.testng.reporters.JUnitReportReporter -->
<testsuite hostname="SivaGanesh" failures="0" tests="1" name="home.Hello" time="7.746" errors="0" timestamp="26 Mar 2025 04:27:10 GMT" skipped="0">
  <testcase classname="home.Hello" name="main" time="7.746"/>
</testsuite> <!-- home.Hello -->
