<?xml version="1.0" encoding="UTF-8"?>
<!-- Generated by org.testng.reporters.JUnitReportReporter -->
<testsuite hostname="SivaGanesh" failures="0" tests="3" name="home.Flipkart" time="82.968" errors="0" timestamp="30 Apr 2025 19:42:27 GMT" skipped="0">
  <testcase classname="home.Flipkart" name="Login" time="9.096"/>
  <testcase classname="home.Flipkart" name="Login" time="8.829"/>
  <testcase classname="home.Flipkart" name="Login" time="65.043"/>
</testsuite> <!-- home.Flipkart -->
