<?xml version="1.0" encoding="UTF-8"?>
<!-- Generated by org.testng.reporters.JUnitReportReporter -->
<testsuite hostname="SivaGanesh" failures="0" tests="1" name="home.Hello2" time="0.017" errors="0" timestamp="26 Mar 2025 03:33:16 GMT" skipped="0">
  <testcase classname="home.Hello2" name="get" time="0.017"/>
</testsuite> <!-- home.Hello2 -->
